<?xml version="1.0" encoding="UTF-8"?>
<!-- Generated by org.testng.reporters.JUnitReportReporter -->
<testsuite skipped="1" hostname="DESKTOP-TKK5GPG" name="com.rediff.ddf.newtestcases.PortfolioManagement" tests="2" failures="0" timestamp="2021-05-05T09:17:52 EDT" time="12.085" errors="0">
  <testcase name="selectPortfolio" time="12.072" classname="com.rediff.ddf.newtestcases.PortfolioManagement"/>
  <system-out/>
  <testcase name="selectPortfolio" time="0.013" classname="com.rediff.ddf.newtestcases.PortfolioManagement">
    <skipped/>
  </testcase> <!-- selectPortfolio -->
  <system-out/>
</testsuite> <!-- com.rediff.ddf.newtestcases.PortfolioManagement -->
