<?xml version="1.0" encoding="UTF-8"?>
<!-- Generated by org.testng.reporters.JUnitReportReporter -->
<testsuite skipped="4" hostname="DESKTOP-TKK5GPG" name="com.rediff.ddf.newtestcases.StockManagement" tests="4" failures="0" timestamp="4 May 2021 00:26:58 GMT" time="0.000" errors="0">
  <testcase name="verifyTransactionHistory" time="0.000" classname="com.rediff.ddf.newtestcases.StockManagement">
    <skipped/>
  </testcase> <!-- verifyTransactionHistory -->
  <testcase name="verifyStockPresent" time="0.000" classname="com.rediff.ddf.newtestcases.StockManagement">
    <skipped/>
  </testcase> <!-- verifyStockPresent -->
  <testcase name="verifyStockQuantity" time="0.000" classname="com.rediff.ddf.newtestcases.StockManagement">
    <skipped/>
  </testcase> <!-- verifyStockQuantity -->
  <testcase name="addNewStock" time="0.000" classname="com.rediff.ddf.newtestcases.StockManagement">
    <skipped/>
  </testcase> <!-- addNewStock -->
</testsuite> <!-- com.rediff.ddf.newtestcases.StockManagement -->
