<?xml version="1.0" encoding="UTF-8"?>
<!-- Generated by org.testng.reporters.JUnitReportReporter -->
<testsuite skipped="0" hostname="DESKTOP-TKK5GPG" name="com.rediff.ddf.newtestcases.PortfolioManagement" tests="2" failures="0" timestamp="21 Apr 2021 00:51:59 GMT" time="0.022" errors="0">
  <testcase name="deletePortfolio" time="0.002" classname="com.rediff.ddf.newtestcases.PortfolioManagement"/>
  <testcase name="createPortfolio" time="0.020" classname="com.rediff.ddf.newtestcases.PortfolioManagement"/>
</testsuite> <!-- com.rediff.ddf.newtestcases.PortfolioManagement -->
